#
# There is insufficient memory for the Java Runtime Environment to continue.
# Native memory allocation (mmap) failed to map 139460608 bytes for G1 virtual space
# Possible reasons:
#   The system is out of physical RAM or swap space
#   The process is running with CompressedOops enabled, and the Java Heap may be blocking the growth of the native heap
# Possible solutions:
#   Reduce memory load on the system
#   Increase physical memory or swap space
#   Check if swap backing store is full
#   Decrease Java heap size (-Xmx/-Xms)
#   Decrease number of Java threads
#   Decrease Java thread stack sizes (-Xss)
#   Set larger code cache with -XX:ReservedCodeCacheSize=
#   JVM is running with Unscaled Compressed Oops mode in which the Java heap is
#     placed in the first 4GB address space. The Java Heap base address is the
#     maximum limit for the native heap growth. Please use -XX:HeapBaseMinAddress
#     to set the Java Heap base and to place the Java Heap above 4GB virtual address.
# This output file may be truncated or incomplete.
#
#  Out of Memory Error (os_windows.cpp:3600), pid=8312, tid=19232
#
# JRE version: Java(TM) SE Runtime Environment (21.0.4+8) (build 21.0.4+8-LTS-274)
# Java VM: Java HotSpot(TM) 64-Bit Server VM (21.0.4+8-LTS-274, mixed mode, emulated-client, sharing, tiered, compressed oops, compressed class ptrs, g1 gc, windows-amd64)
# No core dump will be written. Minidumps are not enabled by default on client versions of Windows
#

---------------  S U M M A R Y ------------

Command Line: -XX:TieredStopAtLevel=1 -Dspring.output.ansi.enabled=always -Dcom.sun.management.jmxremote -Dspring.jmx.enabled=true -Dspring.liveBeansView.mbeanDomain -Dspring.application.admin.enabled=true -Dmanagement.endpoints.jmx.exposure.include=* -javaagent:C:\Program Files\JetBrains\IntelliJ IDEA 2024.1.1\lib\idea_rt.jar=58550:C:\Program Files\JetBrains\IntelliJ IDEA 2024.1.1\bin -Dfile.encoding=UTF-8 -Dsun.stdout.encoding=UTF-8 -Dsun.stderr.encoding=UTF-8 com.assignment.ijse.back_end.Application

Host: 12th Gen Intel(R) Core(TM) i5-1235U, 12 cores, 7G,  Windows 11 , 64 bit Build 26100 (10.0.26100.4484)
Time: Thu Jul 24 21:44:03 2025 Sri Lanka Standard Time elapsed time: 9.045195 seconds (0d 0h 0m 9s)

---------------  T H R E A D  ---------------

Current thread (0x00000227a929f030):  VMThread "VM Thread"          [id=19232, stack(0x0000004476e00000,0x0000004476f00000) (1024K)]

Stack: [0x0000004476e00000,0x0000004476f00000]
Native frames: (J=compiled Java code, j=interpreted, Vv=VM code, C=native code)
V  [jvm.dll+0x6c8e59]
V  [jvm.dll+0x853181]
V  [jvm.dll+0x8556ae]
V  [jvm.dll+0x855d83]
V  [jvm.dll+0x27d526]
V  [jvm.dll+0x6c55f5]
V  [jvm.dll+0x6ba17a]
V  [jvm.dll+0x352a8a]
V  [jvm.dll+0x35a6e6]
V  [jvm.dll+0x3acdae]
V  [jvm.dll+0x3ad058]
V  [jvm.dll+0x326dec]
V  [jvm.dll+0x326e77]
V  [jvm.dll+0x36b75c]
V  [jvm.dll+0x369fae]
V  [jvm.dll+0x3265b1]
V  [jvm.dll+0x3696ca]
V  [jvm.dll+0x85bb50]
V  [jvm.dll+0x85ced4]
V  [jvm.dll+0x85d410]
V  [jvm.dll+0x85d6b3]
V  [jvm.dll+0x7fd65b]
V  [jvm.dll+0x6c753d]
C  [ucrtbase.dll+0x37b0]
C  [KERNEL32.DLL+0x2e8d7]
C  [ntdll.dll+0x3c34c]

VM_Operation (0x00000044784fd650): G1CollectForAllocation, mode: safepoint, requested by thread 0x00000227a92c4a30


---------------  P R O C E S S  ---------------

Threads class SMR info:
_java_thread_list=0x00000227f1e03c60, length=25, elements={
0x00000227964cd590, 0x00000227a92bc090, 0x00000227a92bd660, 0x00000227a92c2fe0,
0x00000227a92c50c0, 0x00000227a92c5de0, 0x00000227a92c6470, 0x00000227a92e2750,
0x00000227a92c7190, 0x00000227a94ded90, 0x00000227a94e0fa0, 0x00000227a94df460,
0x00000227a92c5750, 0x00000227a92c6b00, 0x00000227a92c3d10, 0x00000227a92c43a0,
0x00000227a92c4a30, 0x00000227efa24aa0, 0x00000227efa25e50, 0x00000227efa236f0,
0x00000227efa23d80, 0x00000227efa24410, 0x00000227efa25130, 0x00000227efa257c0,
0x00000227efa264e0
}

Java Threads: ( => current thread )
  0x00000227964cd590 JavaThread "main"                              [_thread_blocked, id=10524, stack(0x0000004476700000,0x0000004476800000) (1024K)]
  0x00000227a92bc090 JavaThread "Reference Handler"          daemon [_thread_blocked, id=9288, stack(0x0000004476f00000,0x0000004477000000) (1024K)]
  0x00000227a92bd660 JavaThread "Finalizer"                  daemon [_thread_blocked, id=21652, stack(0x0000004477000000,0x0000004477100000) (1024K)]
  0x00000227a92c2fe0 JavaThread "Signal Dispatcher"          daemon [_thread_blocked, id=6996, stack(0x0000004477100000,0x0000004477200000) (1024K)]
  0x00000227a92c50c0 JavaThread "Attach Listener"            daemon [_thread_blocked, id=3056, stack(0x0000004477200000,0x0000004477300000) (1024K)]
  0x00000227a92c5de0 JavaThread "Service Thread"             daemon [_thread_blocked, id=15316, stack(0x0000004477300000,0x0000004477400000) (1024K)]
  0x00000227a92c6470 JavaThread "Monitor Deflation Thread"   daemon [_thread_blocked, id=15804, stack(0x0000004477400000,0x0000004477500000) (1024K)]
  0x00000227a92e2750 JavaThread "C1 CompilerThread0"         daemon [_thread_blocked, id=23736, stack(0x0000004477500000,0x0000004477600000) (1024K)]
  0x00000227a92c7190 JavaThread "Common-Cleaner"             daemon [_thread_blocked, id=7048, stack(0x0000004477600000,0x0000004477700000) (1024K)]
  0x00000227a94ded90 JavaThread "C1 CompilerThread1"         daemon [_thread_blocked, id=21928, stack(0x0000004477700000,0x0000004477800000) (1024K)]
  0x00000227a94e0fa0 JavaThread "C1 CompilerThread2"         daemon [_thread_blocked, id=4264, stack(0x0000004477800000,0x0000004477900000) (1024K)]
  0x00000227a94df460 JavaThread "C1 CompilerThread3"         daemon [_thread_blocked, id=19400, stack(0x0000004477900000,0x0000004477a00000) (1024K)]
  0x00000227a92c5750 JavaThread "Monitor Ctrl-Break"         daemon [_thread_in_native, id=14996, stack(0x0000004477a00000,0x0000004477b00000) (1024K)]
  0x00000227a92c6b00 JavaThread "Notification Thread"        daemon [_thread_blocked, id=12452, stack(0x0000004477b00000,0x0000004477c00000) (1024K)]
  0x00000227a92c3d10 JavaThread "RMI TCP Accept-0"           daemon [_thread_in_native, id=17488, stack(0x0000004477c00000,0x0000004477d00000) (1024K)]
  0x00000227a92c43a0 JavaThread "Thread-0"                          [_thread_blocked, id=7432, stack(0x0000004478300000,0x0000004478400000) (1024K)]
  0x00000227a92c4a30 JavaThread "restartedMain"                     [_thread_blocked, id=1076, stack(0x0000004478400000,0x0000004478500000) (1024K)]
  0x00000227efa24aa0 JavaThread "RMI TCP Connection(1)-192.168.8.106" daemon [_thread_blocked, id=11588, stack(0x0000004478900000,0x0000004478a00000) (1024K)]
  0x00000227efa25e50 JavaThread "RMI Scheduler(0)"           daemon [_thread_blocked, id=19132, stack(0x0000004478a00000,0x0000004478b00000) (1024K)]
  0x00000227efa236f0 JavaThread "mysql-cj-abandoned-connection-cleanup" daemon [_thread_blocked, id=1944, stack(0x0000004478500000,0x0000004478600000) (1024K)]
  0x00000227efa23d80 JavaThread "HikariPool-1:housekeeper"   daemon [_thread_blocked, id=22508, stack(0x0000004478e00000,0x0000004478f00000) (1024K)]
  0x00000227efa24410 JavaThread "HikariPool-1:connection-adder" daemon [_thread_blocked, id=8004, stack(0x0000004478f00000,0x0000004479000000) (1024K)]
  0x00000227efa25130 JavaThread "Catalina-utility-1"                [_thread_blocked, id=10700, stack(0x0000004479000000,0x0000004479100000) (1024K)]
  0x00000227efa257c0 JavaThread "Catalina-utility-2"                [_thread_blocked, id=12968, stack(0x0000004479100000,0x0000004479200000) (1024K)]
  0x00000227efa264e0 JavaThread "container-0"                       [_thread_blocked, id=16268, stack(0x0000004479200000,0x0000004479300000) (1024K)]
Total: 25

Other Threads:
=>0x00000227a929f030 VMThread "VM Thread"                           [id=19232, stack(0x0000004476e00000,0x0000004476f00000) (1024K)]
  0x00000227a9286fd0 WatcherThread "VM Periodic Task Thread"        [id=19260, stack(0x0000004476d00000,0x0000004476e00000) (1024K)]
  0x000002279802b9f0 WorkerThread "GC Thread#0"                     [id=1908, stack(0x0000004476800000,0x0000004476900000) (1024K)]
  0x00000227ef4df600 WorkerThread "GC Thread#1"                     [id=23536, stack(0x0000004477d00000,0x0000004477e00000) (1024K)]
  0x00000227ef6e1c00 WorkerThread "GC Thread#2"                     [id=14960, stack(0x0000004477e00000,0x0000004477f00000) (1024K)]
  0x00000227ef713fb0 WorkerThread "GC Thread#3"                     [id=17864, stack(0x0000004477f00000,0x0000004478000000) (1024K)]
  0x00000227ef714350 WorkerThread "GC Thread#4"                     [id=18928, stack(0x0000004478000000,0x0000004478100000) (1024K)]
  0x00000227ef7146f0 WorkerThread "GC Thread#5"                     [id=11664, stack(0x0000004478100000,0x0000004478200000) (1024K)]
  0x00000227ef714a90 WorkerThread "GC Thread#6"                     [id=18384, stack(0x0000004478200000,0x0000004478300000) (1024K)]
  0x00000227ef94b6f0 WorkerThread "GC Thread#7"                     [id=12748, stack(0x0000004478600000,0x0000004478700000) (1024K)]
  0x00000227ef94c1d0 WorkerThread "GC Thread#8"                     [id=10856, stack(0x0000004478700000,0x0000004478800000) (1024K)]
  0x00000227ef94c910 WorkerThread "GC Thread#9"                     [id=10684, stack(0x0000004478800000,0x0000004478900000) (1024K)]
  0x000002279803bda0 ConcurrentGCThread "G1 Main Marker"            [id=22696, stack(0x0000004476900000,0x0000004476a00000) (1024K)]
  0x000002279803d630 WorkerThread "G1 Conc#0"                       [id=18276, stack(0x0000004476a00000,0x0000004476b00000) (1024K)]
  0x00000227ef94ba90 WorkerThread "G1 Conc#1"                       [id=23404, stack(0x0000004478b00000,0x0000004478c00000) (1024K)]
  0x00000227ef94be30 WorkerThread "G1 Conc#2"                       [id=7896, stack(0x0000004478c00000,0x0000004478d00000) (1024K)]
  0x000002279808eb60 ConcurrentGCThread "G1 Refine#0"               [id=8336, stack(0x0000004476b00000,0x0000004476c00000) (1024K)]
  0x00000227a9157ab0 ConcurrentGCThread "G1 Service"                [id=19852, stack(0x0000004476c00000,0x0000004476d00000) (1024K)]
Total: 18

Threads with active compile tasks:
Total: 0

VM state: at safepoint (normal execution)

VM Mutex/Monitor currently owned by a thread:  ([mutex/lock_event])
[0x00007ff9f8347e98] Threads_lock - owner thread: 0x00000227a929f030
[0x00007ff9f8347f98] Heap_lock - owner thread: 0x00000227a92c4a30

Heap address: 0x0000000085e00000, size: 1954 MB, Compressed Oops mode: 32-bit

CDS archive(s) mapped at: [0x00000227aa000000-0x00000227aac90000-0x00000227aac90000), size 13172736, SharedBaseAddress: 0x00000227aa000000, ArchiveRelocationMode: 1.
Compressed class space mapped at: 0x00000227ab000000-0x00000227eb000000, reserved size: 1073741824
Narrow klass base: 0x00000227aa000000, Narrow klass shift: 0, Narrow klass range: 0x100000000

GC Precious Log:
 CardTable entry size: 512
 Card Set container configuration: InlinePtr #cards 5 size 8 Array Of Cards #cards 12 size 40 Howl #buckets 4 coarsen threshold 1843 Howl Bitmap #cards 512 size 80 coarsen threshold 460 Card regions per heap region 1 cards per card region 2048
 CPUs: 12 total, 12 available
 Memory: 7814M
 Large Page Support: Disabled
 NUMA Support: Disabled
 Compressed Oops: Enabled (32-bit)
 Heap Region Size: 1M
 Heap Min Capacity: 8M
 Heap Initial Capacity: 124M
 Heap Max Capacity: 1954M
 Pre-touch: Disabled
 Parallel Workers: 10
 Concurrent Workers: 3
 Concurrent Refinement Workers: 10
 Periodic GC: Disabled

Heap:
 garbage-first heap   total 130048K, used 67843K [0x0000000085e00000, 0x0000000100000000)
  region size 1024K, 4 young (4096K), 4 survivors (4096K)
 Metaspace       used 70909K, committed 71680K, reserved 1114112K
  class space    used 10310K, committed 10624K, reserved 1048576K

Heap Regions: E=young(eden), S=young(survivor), O=old, HS=humongous(starts), HC=humongous(continues), CS=collection set, F=free, TAMS=top-at-mark-start, PB=parsable bottom
|   0|0x0000000085e00000, 0x0000000085f00000, 0x0000000085f00000|100%|HS|  |TAMS 0x0000000085e00000| PB 0x0000000085e00000| Complete 
|   1|0x0000000085f00000, 0x0000000086000000, 0x0000000086000000|100%|HS|  |TAMS 0x0000000085f00000| PB 0x0000000085f00000| Complete 
|   2|0x0000000086000000, 0x0000000086100000, 0x0000000086100000|100%| O|  |TAMS 0x0000000086000000| PB 0x0000000086000000| Untracked 
|   3|0x0000000086100000, 0x0000000086200000, 0x0000000086200000|100%| O|  |TAMS 0x0000000086100000| PB 0x0000000086100000| Untracked 
|   4|0x0000000086200000, 0x0000000086300000, 0x0000000086300000|100%| O|  |TAMS 0x0000000086200000| PB 0x0000000086200000| Untracked 
|   5|0x0000000086300000, 0x0000000086400000, 0x0000000086400000|100%| O|  |TAMS 0x0000000086300000| PB 0x0000000086300000| Untracked 
|   6|0x0000000086400000, 0x0000000086500000, 0x0000000086500000|100%| O|  |TAMS 0x0000000086400000| PB 0x0000000086400000| Untracked 
|   7|0x0000000086500000, 0x0000000086600000, 0x0000000086600000|100%| O|  |TAMS 0x0000000086500000| PB 0x0000000086500000| Untracked 
|   8|0x0000000086600000, 0x0000000086700000, 0x0000000086700000|100%| O|  |TAMS 0x0000000086600000| PB 0x0000000086600000| Untracked 
|   9|0x0000000086700000, 0x0000000086800000, 0x0000000086800000|100%| O|  |TAMS 0x0000000086700000| PB 0x0000000086700000| Untracked 
|  10|0x0000000086800000, 0x0000000086900000, 0x0000000086900000|100%| O|  |TAMS 0x0000000086800000| PB 0x0000000086800000| Untracked 
|  11|0x0000000086900000, 0x0000000086a00000, 0x0000000086a00000|100%| O|  |TAMS 0x0000000086900000| PB 0x0000000086900000| Untracked 
|  12|0x0000000086a00000, 0x0000000086b00000, 0x0000000086b00000|100%| O|  |TAMS 0x0000000086a00000| PB 0x0000000086a00000| Untracked 
|  13|0x0000000086b00000, 0x0000000086c00000, 0x0000000086c00000|100%| O|  |TAMS 0x0000000086b00000| PB 0x0000000086b00000| Untracked 
|  14|0x0000000086c00000, 0x0000000086d00000, 0x0000000086d00000|100%| O|  |TAMS 0x0000000086c00000| PB 0x0000000086c00000| Untracked 
|  15|0x0000000086d00000, 0x0000000086e00000, 0x0000000086e00000|100%| O|  |TAMS 0x0000000086d00000| PB 0x0000000086d00000| Untracked 
|  16|0x0000000086e00000, 0x0000000086e00000, 0x0000000086f00000|  0%| F|  |TAMS 0x0000000086e00000| PB 0x0000000086e00000| Untracked 
|  17|0x0000000086f00000, 0x0000000087000000, 0x0000000087000000|100%| O|  |TAMS 0x0000000086f00000| PB 0x0000000086f00000| Untracked 
|  18|0x0000000087000000, 0x0000000087100000, 0x0000000087100000|100%| O|  |TAMS 0x0000000087000000| PB 0x0000000087000000| Untracked 
|  19|0x0000000087100000, 0x0000000087200000, 0x0000000087200000|100%| O|  |TAMS 0x0000000087100000| PB 0x0000000087100000| Untracked 
|  20|0x0000000087200000, 0x0000000087300000, 0x0000000087300000|100%| O|  |TAMS 0x0000000087200000| PB 0x0000000087200000| Untracked 
|  21|0x0000000087300000, 0x0000000087400000, 0x0000000087400000|100%| O|  |TAMS 0x0000000087300000| PB 0x0000000087300000| Untracked 
|  22|0x0000000087400000, 0x0000000087500000, 0x0000000087500000|100%| O|  |TAMS 0x0000000087400000| PB 0x0000000087400000| Untracked 
|  23|0x0000000087500000, 0x0000000087600000, 0x0000000087600000|100%| O|  |TAMS 0x0000000087500000| PB 0x0000000087500000| Untracked 
|  24|0x0000000087600000, 0x0000000087700000, 0x0000000087700000|100%| O|  |TAMS 0x0000000087600000| PB 0x0000000087600000| Untracked 
|  25|0x0000000087700000, 0x0000000087800000, 0x0000000087800000|100%| O|  |TAMS 0x0000000087700000| PB 0x0000000087700000| Untracked 
|  26|0x0000000087800000, 0x0000000087900000, 0x0000000087900000|100%| O|  |TAMS 0x0000000087800000| PB 0x0000000087800000| Untracked 
|  27|0x0000000087900000, 0x0000000087a00000, 0x0000000087a00000|100%| O|  |TAMS 0x0000000087900000| PB 0x0000000087900000| Untracked 
|  28|0x0000000087a00000, 0x0000000087b00000, 0x0000000087b00000|100%| O|  |TAMS 0x0000000087a00000| PB 0x0000000087a00000| Untracked 
|  29|0x0000000087b00000, 0x0000000087c00000, 0x0000000087c00000|100%| O|  |TAMS 0x0000000087b00000| PB 0x0000000087b00000| Untracked 
|  30|0x0000000087c00000, 0x0000000087d00000, 0x0000000087d00000|100%| O|  |TAMS 0x0000000087c00000| PB 0x0000000087c00000| Untracked 
|  31|0x0000000087d00000, 0x0000000087e00000, 0x0000000087e00000|100%| O|  |TAMS 0x0000000087d00000| PB 0x0000000087d00000| Untracked 
|  32|0x0000000087e00000, 0x0000000087f00000, 0x0000000087f00000|100%| O|  |TAMS 0x0000000087e00000| PB 0x0000000087e00000| Untracked 
|  33|0x0000000087f00000, 0x0000000088000000, 0x0000000088000000|100%| O|  |TAMS 0x0000000087f00000| PB 0x0000000087f00000| Untracked 
|  34|0x0000000088000000, 0x0000000088100000, 0x0000000088100000|100%| O|  |TAMS 0x0000000088000000| PB 0x0000000088000000| Untracked 
|  35|0x0000000088100000, 0x0000000088200000, 0x0000000088200000|100%| O|  |TAMS 0x0000000088100000| PB 0x0000000088100000| Untracked 
|  36|0x0000000088200000, 0x0000000088300000, 0x0000000088300000|100%| O|  |TAMS 0x0000000088200000| PB 0x0000000088200000| Untracked 
|  37|0x0000000088300000, 0x0000000088400000, 0x0000000088400000|100%| O|  |TAMS 0x0000000088300000| PB 0x0000000088300000| Untracked 
|  38|0x0000000088400000, 0x0000000088500000, 0x0000000088500000|100%| O|  |TAMS 0x0000000088400000| PB 0x0000000088400000| Untracked 
|  39|0x0000000088500000, 0x0000000088600000, 0x0000000088600000|100%| O|  |TAMS 0x0000000088500000| PB 0x0000000088500000| Untracked 
|  40|0x0000000088600000, 0x0000000088700000, 0x0000000088700000|100%| O|  |TAMS 0x0000000088600000| PB 0x0000000088600000| Untracked 
|  41|0x0000000088700000, 0x0000000088800000, 0x0000000088800000|100%| O|  |TAMS 0x0000000088700000| PB 0x0000000088700000| Untracked 
|  42|0x0000000088800000, 0x0000000088900000, 0x0000000088900000|100%| O|  |TAMS 0x0000000088800000| PB 0x0000000088800000| Untracked 
|  43|0x0000000088900000, 0x0000000088a00000, 0x0000000088a00000|100%| O|  |TAMS 0x0000000088900000| PB 0x0000000088900000| Untracked 
|  44|0x0000000088a00000, 0x0000000088b00000, 0x0000000088b00000|100%| O|  |TAMS 0x0000000088a00000| PB 0x0000000088a00000| Untracked 
|  45|0x0000000088b00000, 0x0000000088c00000, 0x0000000088c00000|100%| O|  |TAMS 0x0000000088b00000| PB 0x0000000088b00000| Untracked 
|  46|0x0000000088c00000, 0x0000000088d00000, 0x0000000088d00000|100%| O|  |TAMS 0x0000000088c00000| PB 0x0000000088c00000| Untracked 
|  47|0x0000000088d00000, 0x0000000088e00000, 0x0000000088e00000|100%| O|  |TAMS 0x0000000088d00000| PB 0x0000000088d00000| Untracked 
|  48|0x0000000088e00000, 0x0000000088f00000, 0x0000000088f00000|100%| O|  |TAMS 0x0000000088e00000| PB 0x0000000088e00000| Untracked 
|  49|0x0000000088f00000, 0x0000000089000000, 0x0000000089000000|100%| O|  |TAMS 0x0000000088f00000| PB 0x0000000088f00000| Untracked 
|  50|0x0000000089000000, 0x0000000089100000, 0x0000000089100000|100%| O|  |TAMS 0x0000000089000000| PB 0x0000000089000000| Untracked 
|  51|0x0000000089100000, 0x0000000089200000, 0x0000000089200000|100%| O|  |TAMS 0x0000000089100000| PB 0x0000000089100000| Untracked 
|  52|0x0000000089200000, 0x0000000089300000, 0x0000000089300000|100%| O|  |TAMS 0x0000000089200000| PB 0x0000000089200000| Untracked 
|  53|0x0000000089300000, 0x0000000089400000, 0x0000000089400000|100%| O|  |TAMS 0x0000000089300000| PB 0x0000000089300000| Untracked 
|  54|0x0000000089400000, 0x0000000089500000, 0x0000000089500000|100%| O|  |TAMS 0x0000000089400000| PB 0x0000000089400000| Untracked 
|  55|0x0000000089500000, 0x0000000089600000, 0x0000000089600000|100%| O|  |TAMS 0x0000000089500000| PB 0x0000000089500000| Untracked 
|  56|0x0000000089600000, 0x0000000089700000, 0x0000000089700000|100%| O|  |TAMS 0x0000000089600000| PB 0x0000000089600000| Untracked 
|  57|0x0000000089700000, 0x0000000089800000, 0x0000000089800000|100%| O|  |TAMS 0x0000000089700000| PB 0x0000000089700000| Untracked 
|  58|0x0000000089800000, 0x0000000089900000, 0x0000000089900000|100%| O|  |TAMS 0x0000000089800000| PB 0x0000000089800000| Untracked 
|  59|0x0000000089900000, 0x0000000089a00000, 0x0000000089a00000|100%| O|  |TAMS 0x0000000089900000| PB 0x0000000089900000| Untracked 
|  60|0x0000000089a00000, 0x0000000089a40cd0, 0x0000000089b00000| 25%| O|  |TAMS 0x0000000089a00000| PB 0x0000000089a00000| Untracked 
|  61|0x0000000089b00000, 0x0000000089b00000, 0x0000000089c00000|  0%| F|  |TAMS 0x0000000089b00000| PB 0x0000000089b00000| Untracked 
|  62|0x0000000089c00000, 0x0000000089c00000, 0x0000000089d00000|  0%| F|  |TAMS 0x0000000089c00000| PB 0x0000000089c00000| Untracked 
|  63|0x0000000089d00000, 0x0000000089d00000, 0x0000000089e00000|  0%| F|  |TAMS 0x0000000089d00000| PB 0x0000000089d00000| Untracked 
|  64|0x0000000089e00000, 0x0000000089e00000, 0x0000000089f00000|  0%| F|  |TAMS 0x0000000089e00000| PB 0x0000000089e00000| Untracked 
|  65|0x0000000089f00000, 0x0000000089f00000, 0x000000008a000000|  0%| F|  |TAMS 0x0000000089f00000| PB 0x0000000089f00000| Untracked 
|  66|0x000000008a000000, 0x000000008a000000, 0x000000008a100000|  0%| F|  |TAMS 0x000000008a000000| PB 0x000000008a000000| Untracked 
|  67|0x000000008a100000, 0x000000008a100000, 0x000000008a200000|  0%| F|  |TAMS 0x000000008a100000| PB 0x000000008a100000| Untracked 
|  68|0x000000008a200000, 0x000000008a200000, 0x000000008a300000|  0%| F|  |TAMS 0x000000008a200000| PB 0x000000008a200000| Untracked 
|  69|0x000000008a300000, 0x000000008a300000, 0x000000008a400000|  0%| F|  |TAMS 0x000000008a300000| PB 0x000000008a300000| Untracked 
|  70|0x000000008a400000, 0x000000008a500000, 0x000000008a500000|100%| S|CS|TAMS 0x000000008a400000| PB 0x000000008a400000| Complete 
|  71|0x000000008a500000, 0x000000008a600000, 0x000000008a600000|100%| S|CS|TAMS 0x000000008a500000| PB 0x000000008a500000| Complete 
|  72|0x000000008a600000, 0x000000008a700000, 0x000000008a700000|100%| S|CS|TAMS 0x000000008a600000| PB 0x000000008a600000| Complete 
|  73|0x000000008a700000, 0x000000008a800000, 0x000000008a800000|100%| S|CS|TAMS 0x000000008a700000| PB 0x000000008a700000| Complete 
|  74|0x000000008a800000, 0x000000008a800000, 0x000000008a900000|  0%| F|  |TAMS 0x000000008a800000| PB 0x000000008a800000| Untracked 
|  75|0x000000008a900000, 0x000000008a900000, 0x000000008aa00000|  0%| F|  |TAMS 0x000000008a900000| PB 0x000000008a900000| Untracked 
|  76|0x000000008aa00000, 0x000000008aa00000, 0x000000008ab00000|  0%| F|  |TAMS 0x000000008aa00000| PB 0x000000008aa00000| Untracked 
|  77|0x000000008ab00000, 0x000000008ab00000, 0x000000008ac00000|  0%| F|  |TAMS 0x000000008ab00000| PB 0x000000008ab00000| Untracked 
|  78|0x000000008ac00000, 0x000000008ac00000, 0x000000008ad00000|  0%| F|  |TAMS 0x000000008ac00000| PB 0x000000008ac00000| Untracked 
|  79|0x000000008ad00000, 0x000000008ad00000, 0x000000008ae00000|  0%| F|  |TAMS 0x000000008ad00000| PB 0x000000008ad00000| Untracked 
|  80|0x000000008ae00000, 0x000000008ae00000, 0x000000008af00000|  0%| F|  |TAMS 0x000000008ae00000| PB 0x000000008ae00000| Untracked 
|  81|0x000000008af00000, 0x000000008af00000, 0x000000008b000000|  0%| F|  |TAMS 0x000000008af00000| PB 0x000000008af00000| Untracked 
|  82|0x000000008b000000, 0x000000008b000000, 0x000000008b100000|  0%| F|  |TAMS 0x000000008b000000| PB 0x000000008b000000| Untracked 
|  83|0x000000008b100000, 0x000000008b100000, 0x000000008b200000|  0%| F|  |TAMS 0x000000008b100000| PB 0x000000008b100000| Untracked 
|  84|0x000000008b200000, 0x000000008b200000, 0x000000008b300000|  0%| F|  |TAMS 0x000000008b200000| PB 0x000000008b200000| Untracked 
|  85|0x000000008b300000, 0x000000008b300000, 0x000000008b400000|  0%| F|  |TAMS 0x000000008b300000| PB 0x000000008b300000| Untracked 
|  86|0x000000008b400000, 0x000000008b400000, 0x000000008b500000|  0%| F|  |TAMS 0x000000008b400000| PB 0x000000008b400000| Untracked 
|  87|0x000000008b500000, 0x000000008b500000, 0x000000008b600000|  0%| F|  |TAMS 0x000000008b500000| PB 0x000000008b500000| Untracked 
|  88|0x000000008b600000, 0x000000008b600000, 0x000000008b700000|  0%| F|  |TAMS 0x000000008b600000| PB 0x000000008b600000| Untracked 
|  89|0x000000008b700000, 0x000000008b700000, 0x000000008b800000|  0%| F|  |TAMS 0x000000008b700000| PB 0x000000008b700000| Untracked 
|  90|0x000000008b800000, 0x000000008b800000, 0x000000008b900000|  0%| F|  |TAMS 0x000000008b800000| PB 0x000000008b800000| Untracked 
|  91|0x000000008b900000, 0x000000008b900000, 0x000000008ba00000|  0%| F|  |TAMS 0x000000008b900000| PB 0x000000008b900000| Untracked 
|  92|0x000000008ba00000, 0x000000008ba00000, 0x000000008bb00000|  0%| F|  |TAMS 0x000000008ba00000| PB 0x000000008ba00000| Untracked 
|  93|0x000000008bb00000, 0x000000008bb00000, 0x000000008bc00000|  0%| F|  |TAMS 0x000000008bb00000| PB 0x000000008bb00000| Untracked 
|  94|0x000000008bc00000, 0x000000008bc00000, 0x000000008bd00000|  0%| F|  |TAMS 0x000000008bc00000| PB 0x000000008bc00000| Untracked 
|  95|0x000000008bd00000, 0x000000008bd00000, 0x000000008be00000|  0%| F|  |TAMS 0x000000008bd00000| PB 0x000000008bd00000| Untracked 
|  96|0x000000008be00000, 0x000000008be00000, 0x000000008bf00000|  0%| F|  |TAMS 0x000000008be00000| PB 0x000000008be00000| Untracked 
|  97|0x000000008bf00000, 0x000000008bf00000, 0x000000008c000000|  0%| F|  |TAMS 0x000000008bf00000| PB 0x000000008bf00000| Untracked 
|  98|0x000000008c000000, 0x000000008c000000, 0x000000008c100000|  0%| F|  |TAMS 0x000000008c000000| PB 0x000000008c000000| Untracked 
|  99|0x000000008c100000, 0x000000008c100000, 0x000000008c200000|  0%| F|  |TAMS 0x000000008c100000| PB 0x000000008c100000| Untracked 
| 100|0x000000008c200000, 0x000000008c200000, 0x000000008c300000|  0%| F|  |TAMS 0x000000008c200000| PB 0x000000008c200000| Untracked 
| 101|0x000000008c300000, 0x000000008c300000, 0x000000008c400000|  0%| F|  |TAMS 0x000000008c300000| PB 0x000000008c300000| Untracked 
| 102|0x000000008c400000, 0x000000008c400000, 0x000000008c500000|  0%| F|  |TAMS 0x000000008c400000| PB 0x000000008c400000| Untracked 
| 103|0x000000008c500000, 0x000000008c500000, 0x000000008c600000|  0%| F|  |TAMS 0x000000008c500000| PB 0x000000008c500000| Untracked 
| 104|0x000000008c600000, 0x000000008c600000, 0x000000008c700000|  0%| F|  |TAMS 0x000000008c600000| PB 0x000000008c600000| Untracked 
| 105|0x000000008c700000, 0x000000008c700000, 0x000000008c800000|  0%| F|  |TAMS 0x000000008c700000| PB 0x000000008c700000| Untracked 
| 106|0x000000008c800000, 0x000000008c800000, 0x000000008c900000|  0%| F|  |TAMS 0x000000008c800000| PB 0x000000008c800000| Untracked 
| 107|0x000000008c900000, 0x000000008c900000, 0x000000008ca00000|  0%| F|  |TAMS 0x000000008c900000| PB 0x000000008c900000| Untracked 
| 108|0x000000008ca00000, 0x000000008ca00000, 0x000000008cb00000|  0%| F|  |TAMS 0x000000008ca00000| PB 0x000000008ca00000| Untracked 
| 109|0x000000008cb00000, 0x000000008cb00000, 0x000000008cc00000|  0%| F|  |TAMS 0x000000008cb00000| PB 0x000000008cb00000| Untracked 
| 110|0x000000008cc00000, 0x000000008cc00000, 0x000000008cd00000|  0%| F|  |TAMS 0x000000008cc00000| PB 0x000000008cc00000| Untracked 
| 111|0x000000008cd00000, 0x000000008cd00000, 0x000000008ce00000|  0%| F|  |TAMS 0x000000008cd00000| PB 0x000000008cd00000| Untracked 
| 112|0x000000008ce00000, 0x000000008ce00000, 0x000000008cf00000|  0%| F|  |TAMS 0x000000008ce00000| PB 0x000000008ce00000| Untracked 
| 113|0x000000008cf00000, 0x000000008cf00000, 0x000000008d000000|  0%| F|  |TAMS 0x000000008cf00000| PB 0x000000008cf00000| Untracked 
| 114|0x000000008d000000, 0x000000008d000000, 0x000000008d100000|  0%| F|  |TAMS 0x000000008d000000| PB 0x000000008d000000| Untracked 
| 115|0x000000008d100000, 0x000000008d100000, 0x000000008d200000|  0%| F|  |TAMS 0x000000008d100000| PB 0x000000008d100000| Untracked 
| 116|0x000000008d200000, 0x000000008d200000, 0x000000008d300000|  0%| F|  |TAMS 0x000000008d200000| PB 0x000000008d200000| Untracked 
| 117|0x000000008d300000, 0x000000008d300000, 0x000000008d400000|  0%| F|  |TAMS 0x000000008d300000| PB 0x000000008d300000| Untracked 
| 118|0x000000008d400000, 0x000000008d400000, 0x000000008d500000|  0%| F|  |TAMS 0x000000008d400000| PB 0x000000008d400000| Untracked 
| 119|0x000000008d500000, 0x000000008d500000, 0x000000008d600000|  0%| F|  |TAMS 0x000000008d500000| PB 0x000000008d500000| Untracked 
| 120|0x000000008d600000, 0x000000008d600000, 0x000000008d700000|  0%| F|  |TAMS 0x000000008d600000| PB 0x000000008d600000| Untracked 
| 121|0x000000008d700000, 0x000000008d700000, 0x000000008d800000|  0%| F|  |TAMS 0x000000008d700000| PB 0x000000008d700000| Untracked 
| 122|0x000000008d800000, 0x000000008d800000, 0x000000008d900000|  0%| F|  |TAMS 0x000000008d800000| PB 0x000000008d800000| Untracked 
| 123|0x000000008d900000, 0x000000008d900000, 0x000000008da00000|  0%| F|  |TAMS 0x000000008d900000| PB 0x000000008d900000| Untracked 
|1951|0x00000000ffd00000, 0x00000000ffe00000, 0x00000000ffe00000|100%| O|  |TAMS 0x00000000ffd00000| PB 0x00000000ffd00000| Untracked 
|1952|0x00000000ffe00000, 0x00000000fff00000, 0x00000000fff00000|100%| O|  |TAMS 0x00000000ffe00000| PB 0x00000000ffe00000| Untracked 
|1953|0x00000000fff00000, 0x0000000100000000, 0x0000000100000000|100%| O|  |TAMS 0x00000000fff00000| PB 0x00000000fff00000| Untracked 

Card table byte_map: [0x00000227a4370000,0x00000227a4750000] _byte_map_base: 0x00000227a3f41000

Marking Bits: (CMBitMap*) 0x000002279802c000
 Bits: [0x00000227a4750000, 0x00000227a65d8000)

Polling page: 0x00000227967d0000

Metaspace:

Usage:
  Non-class:     59.18 MB used.
      Class:     10.07 MB used.
       Both:     69.25 MB used.

Virtual space:
  Non-class space:       64.00 MB reserved,      59.62 MB ( 93%) committed,  1 nodes.
      Class space:        1.00 GB reserved,      10.38 MB (  1%) committed,  1 nodes.
             Both:        1.06 GB reserved,      70.00 MB (  6%) committed. 

Chunk freelists:
   Non-Class:  4.23 MB
       Class:  5.57 MB
        Both:  9.80 MB

MaxMetaspaceSize: unlimited
CompressedClassSpaceSize: 1.00 GB
Initial GC threshold: 21.00 MB
Current GC threshold: 116.25 MB
CDS: on
 - commit_granule_bytes: 65536.
 - commit_granule_words: 8192.
 - virtual_space_node_default_size: 8388608.
 - enlarge_chunks_in_place: 1.
 - use_allocation_guard: 0.


Internal statistics:

num_allocs_failed_limit: 9.
num_arena_births: 1066.
num_arena_deaths: 0.
num_vsnodes_births: 2.
num_vsnodes_deaths: 0.
num_space_committed: 1120.
num_space_uncommitted: 0.
num_chunks_returned_to_freelist: 9.
num_chunks_taken_from_freelist: 3559.
num_chunk_merges: 6.
num_chunk_splits: 2541.
num_chunks_enlarged: 1955.
num_inconsistent_stats: 0.

CodeCache: size=49152Kb used=13146Kb max_used=13761Kb free=36005Kb
 bounds [0x00000227a04f0000, 0x00000227a1270000, 0x00000227a34f0000]
 total_blobs=7267 nmethods=6526 adapters=660
 compilation: enabled
              stopped_count=0, restarted_count=0
 full_count=0

Compilation events (20 events):
Event: 7.701 Thread 0x00000227a94df460 nmethod 7312 0x00000227a0b99310 code [0x00000227a0b99540, 0x00000227a0b99a38]
Event: 7.702 Thread 0x00000227a94df460 7315       1       org.springframework.beans.factory.InjectionPoint::getAnnotations (39 bytes)
Event: 7.703 Thread 0x00000227a94df460 nmethod 7315 0x00000227a08ed810 code [0x00000227a08eda00, 0x00000227a08edd50]
Event: 7.703 Thread 0x00000227a94e0fa0 nmethod 7309 0x00000227a0b17a10 code [0x00000227a0b18200, 0x00000227a0b1be58]
Event: 7.704 Thread 0x00000227a94e0fa0 7316       1       java.util.concurrent.ConcurrentHashMap$KeySetView::remove (17 bytes)
Event: 7.704 Thread 0x00000227a94e0fa0 nmethod 7316 0x00000227a0880e10 code [0x00000227a0880fc0, 0x00000227a08810d0]
Event: 7.705 Thread 0x00000227a94e0fa0 7317       1       org.springframework.util.StringUtils::substringMatch (60 bytes)
Event: 7.705 Thread 0x00000227a94e0fa0 nmethod 7317 0x00000227a0bf7b90 code [0x00000227a0bf7d80, 0x00000227a0bf7fe8]
Event: 7.706 Thread 0x00000227a94e0fa0 7318       1       java.util.concurrent.ConcurrentLinkedDeque$AbstractItr::advance (80 bytes)
Event: 7.706 Thread 0x00000227a94df460 7319       1       java.util.concurrent.ConcurrentLinkedDeque$Itr::nextNode (9 bytes)
Event: 7.706 Thread 0x00000227a94ded90 7320       1       java.util.concurrent.ConcurrentLinkedDeque::succ (17 bytes)
Event: 7.706 Thread 0x00000227a94df460 nmethod 7319 0x00000227a0893490 code [0x00000227a0893620, 0x00000227a0893728]
Event: 7.706 Thread 0x00000227a94e0fa0 nmethod 7318 0x00000227a0882890 code [0x00000227a0882a60, 0x00000227a0882da0]
Event: 7.706 Thread 0x00000227a94ded90 nmethod 7320 0x00000227a089ab90 code [0x00000227a089ad20, 0x00000227a089ae20]
Event: 7.706 Thread 0x00000227a94ded90 7321   !   1       jdk.proxy2.$Proxy53::annotationType (29 bytes)
Event: 7.706 Thread 0x00000227a94df460 7322   !   1       jdk.proxy2.$Proxy54::annotationType (29 bytes)
Event: 7.706 Thread 0x00000227a94ded90 nmethod 7321 0x00000227a0be1a90 code [0x00000227a0be1c40, 0x00000227a0be1e70]
Event: 7.706 Thread 0x00000227a94df460 nmethod 7322 0x00000227a1220a10 code [0x00000227a1220bc0, 0x00000227a1220df0]
Event: 7.712 Thread 0x00000227a94df460 7323       1       org.springframework.core.ResolvableType$WildcardBounds::get (173 bytes)
Event: 7.712 Thread 0x00000227a94df460 nmethod 7323 0x00000227a0acb810 code [0x00000227a0acbaa0, 0x00000227a0acc4f8]

GC Heap History (20 events):
Event: 5.737 GC heap after
{Heap after GC invocations=12 (full 0):
 garbage-first heap   total 66560K, used 28334K [0x0000000085e00000, 0x0000000100000000)
  region size 1024K, 2 young (2048K), 2 survivors (2048K)
 Metaspace       used 54732K, committed 55424K, reserved 1114112K
  class space    used 7563K, committed 7872K, reserved 1048576K
}
Event: 6.266 GC heap before
{Heap before GC invocations=12 (full 0):
 garbage-first heap   total 66560K, used 58030K [0x0000000085e00000, 0x0000000100000000)
  region size 1024K, 31 young (31744K), 2 survivors (2048K)
 Metaspace       used 59295K, committed 60032K, reserved 1114112K
  class space    used 8337K, committed 8640K, reserved 1048576K
}
Event: 6.270 GC heap after
{Heap after GC invocations=13 (full 0):
 garbage-first heap   total 66560K, used 29297K [0x0000000085e00000, 0x0000000100000000)
  region size 1024K, 3 young (3072K), 3 survivors (3072K)
 Metaspace       used 59295K, committed 60032K, reserved 1114112K
  class space    used 8337K, committed 8640K, reserved 1048576K
}
Event: 6.276 GC heap before
{Heap before GC invocations=13 (full 0):
 garbage-first heap   total 66560K, used 29297K [0x0000000085e00000, 0x0000000100000000)
  region size 1024K, 4 young (4096K), 3 survivors (3072K)
 Metaspace       used 59366K, committed 60096K, reserved 1114112K
  class space    used 8348K, committed 8704K, reserved 1048576K
}
Event: 6.279 GC heap after
{Heap after GC invocations=14 (full 0):
 garbage-first heap   total 66560K, used 29365K [0x0000000085e00000, 0x0000000100000000)
  region size 1024K, 2 young (2048K), 2 survivors (2048K)
 Metaspace       used 59366K, committed 60096K, reserved 1114112K
  class space    used 8348K, committed 8704K, reserved 1048576K
}
Event: 6.941 GC heap before
{Heap before GC invocations=15 (full 0):
 garbage-first heap   total 66560K, used 59061K [0x0000000085e00000, 0x0000000100000000)
  region size 1024K, 31 young (31744K), 2 survivors (2048K)
 Metaspace       used 64468K, committed 65216K, reserved 1114112K
  class space    used 9115K, committed 9472K, reserved 1048576K
}
Event: 6.944 GC heap after
{Heap after GC invocations=16 (full 0):
 garbage-first heap   total 66560K, used 31744K [0x0000000085e00000, 0x0000000100000000)
  region size 1024K, 4 young (4096K), 4 survivors (4096K)
 Metaspace       used 64468K, committed 65216K, reserved 1114112K
  class space    used 9115K, committed 9472K, reserved 1048576K
}
Event: 7.254 GC heap before
{Heap before GC invocations=16 (full 0):
 garbage-first heap   total 66560K, used 57344K [0x0000000085e00000, 0x0000000100000000)
  region size 1024K, 29 young (29696K), 4 survivors (4096K)
 Metaspace       used 68398K, committed 69120K, reserved 1114112K
  class space    used 9938K, committed 10240K, reserved 1048576K
}
Event: 7.259 GC heap after
{Heap after GC invocations=17 (full 0):
 garbage-first heap   total 66560K, used 33528K [0x0000000085e00000, 0x0000000100000000)
  region size 1024K, 3 young (3072K), 3 survivors (3072K)
 Metaspace       used 68398K, committed 69120K, reserved 1114112K
  class space    used 9938K, committed 10240K, reserved 1048576K
}
Event: 7.413 GC heap before
{Heap before GC invocations=17 (full 0):
 garbage-first heap   total 66560K, used 58104K [0x0000000085e00000, 0x0000000100000000)
  region size 1024K, 27 young (27648K), 3 survivors (3072K)
 Metaspace       used 70298K, committed 71040K, reserved 1114112K
  class space    used 10187K, committed 10496K, reserved 1048576K
}
Event: 7.416 GC heap after
{Heap after GC invocations=18 (full 0):
 garbage-first heap   total 66560K, used 34443K [0x0000000085e00000, 0x0000000100000000)
  region size 1024K, 4 young (4096K), 4 survivors (4096K)
 Metaspace       used 70298K, committed 71040K, reserved 1114112K
  class space    used 10187K, committed 10496K, reserved 1048576K
}
Event: 7.499 GC heap before
{Heap before GC invocations=19 (full 0):
 garbage-first heap   total 66560K, used 56971K [0x0000000085e00000, 0x0000000100000000)
  region size 1024K, 26 young (26624K), 4 survivors (4096K)
 Metaspace       used 70599K, committed 71360K, reserved 1114112K
  class space    used 10254K, committed 10560K, reserved 1048576K
}
Event: 7.504 GC heap after
{Heap after GC invocations=20 (full 0):
 garbage-first heap   total 79872K, used 39209K [0x0000000085e00000, 0x0000000100000000)
  region size 1024K, 4 young (4096K), 4 survivors (4096K)
 Metaspace       used 70599K, committed 71360K, reserved 1114112K
  class space    used 10254K, committed 10560K, reserved 1048576K
}
Event: 7.550 GC heap before
{Heap before GC invocations=20 (full 0):
 garbage-first heap   total 79872K, used 67881K [0x0000000085e00000, 0x0000000100000000)
  region size 1024K, 32 young (32768K), 4 survivors (4096K)
 Metaspace       used 70663K, committed 71424K, reserved 1114112K
  class space    used 10267K, committed 10624K, reserved 1048576K
}
Event: 7.558 GC heap after
{Heap after GC invocations=21 (full 0):
 garbage-first heap   total 82944K, used 48468K [0x0000000085e00000, 0x0000000100000000)
  region size 1024K, 4 young (4096K), 4 survivors (4096K)
 Metaspace       used 70663K, committed 71424K, reserved 1114112K
  class space    used 10267K, committed 10624K, reserved 1048576K
}
Event: 7.586 GC heap before
{Heap before GC invocations=21 (full 0):
 garbage-first heap   total 82944K, used 69972K [0x0000000085e00000, 0x0000000100000000)
  region size 1024K, 25 young (25600K), 4 survivors (4096K)
 Metaspace       used 70666K, committed 71424K, reserved 1114112K
  class space    used 10267K, committed 10624K, reserved 1048576K
}
Event: 7.591 GC heap after
{Heap after GC invocations=22 (full 0):
 garbage-first heap   total 82944K, used 54750K [0x0000000085e00000, 0x0000000100000000)
  region size 1024K, 4 young (4096K), 4 survivors (4096K)
 Metaspace       used 70666K, committed 71424K, reserved 1114112K
  class space    used 10267K, committed 10624K, reserved 1048576K
}
Event: 7.634 GC heap before
{Heap before GC invocations=23 (full 0):
 garbage-first heap   total 107520K, used 70110K [0x0000000085e00000, 0x0000000100000000)
  region size 1024K, 20 young (20480K), 4 survivors (4096K)
 Metaspace       used 70666K, committed 71424K, reserved 1114112K
  class space    used 10267K, committed 10624K, reserved 1048576K
}
Event: 7.641 GC heap after
{Heap after GC invocations=24 (full 0):
 garbage-first heap   total 107520K, used 61387K [0x0000000085e00000, 0x0000000100000000)
  region size 1024K, 3 young (3072K), 3 survivors (3072K)
 Metaspace       used 70666K, committed 71424K, reserved 1114112K
  class space    used 10267K, committed 10624K, reserved 1048576K
}
Event: 7.718 GC heap before
{Heap before GC invocations=24 (full 0):
 garbage-first heap   total 107520K, used 86987K [0x0000000085e00000, 0x0000000100000000)
  region size 1024K, 28 young (28672K), 3 survivors (3072K)
 Metaspace       used 70909K, committed 71680K, reserved 1114112K
  class space    used 10310K, committed 10624K, reserved 1048576K
}

Dll operation events (13 events):
Event: 0.015 Loaded shared library C:\Program Files\Java\jdk-21\bin\java.dll
Event: 0.123 Loaded shared library C:\Program Files\Java\jdk-21\bin\zip.dll
Event: 0.127 Loaded shared library C:\Program Files\Java\jdk-21\bin\instrument.dll
Event: 0.132 Loaded shared library C:\Program Files\Java\jdk-21\bin\net.dll
Event: 0.133 Loaded shared library C:\Program Files\Java\jdk-21\bin\nio.dll
Event: 0.137 Loaded shared library C:\Program Files\Java\jdk-21\bin\zip.dll
Event: 0.210 Loaded shared library C:\Program Files\JetBrains\IntelliJ IDEA 2024.1.1\bin\breakgen64.dll
Event: 0.216 Loaded shared library C:\Program Files\Java\jdk-21\bin\jimage.dll
Event: 0.219 Loaded shared library C:\Program Files\Java\jdk-21\bin\extnet.dll
Event: 0.239 Loaded shared library C:\Program Files\Java\jdk-21\bin\management.dll
Event: 0.249 Loaded shared library C:\Program Files\Java\jdk-21\bin\management_ext.dll
Event: 1.693 Loaded shared library C:\Program Files\Java\jdk-21\bin\sunmscapi.dll
Event: 4.186 Loaded shared library C:\Program Files\Java\jdk-21\bin\verify.dll

Deoptimization events (4 events):
Event: 3.206 Thread 0x00000227a92c4a30 DEOPT PACKING pc=0x00000227a0d7e324 sp=0x00000044784fbb60
Event: 3.206 Thread 0x00000227a92c4a30 DEOPT UNPACKING pc=0x00000227a0544e42 sp=0x00000044784fb108 mode 0
Event: 3.206 Thread 0x00000227a92c4a30 DEOPT PACKING pc=0x00000227a0d2468c sp=0x00000044784fbd60
Event: 3.206 Thread 0x00000227a92c4a30 DEOPT UNPACKING pc=0x00000227a0544e42 sp=0x00000044784fb220 mode 0

Classes loaded (20 events):
Event: 7.446 Loading class jdk/internal/access/JavaUtilConcurrentTLRAccess
Event: 7.446 Loading class jdk/internal/access/JavaUtilConcurrentTLRAccess done
Event: 7.446 Loading class jdk/internal/access/JavaNetHttpCookieAccess
Event: 7.446 Loading class jdk/internal/access/JavaNetHttpCookieAccess done
Event: 7.446 Loading class jdk/internal/access/JavaIOPrintWriterAccess
Event: 7.446 Loading class jdk/internal/access/JavaIOPrintWriterAccess done
Event: 7.446 Loading class jdk/internal/access/JavaAWTAccess
Event: 7.446 Loading class jdk/internal/access/JavaAWTAccess done
Event: 7.446 Loading class jdk/internal/access/JavaAWTFontAccess
Event: 7.446 Loading class jdk/internal/access/JavaAWTFontAccess done
Event: 7.446 Loading class jdk/internal/access/JavaxCryptoSealedObjectAccess
Event: 7.446 Loading class jdk/internal/access/JavaxCryptoSealedObjectAccess done
Event: 7.446 Loading class jdk/internal/access/JavaTemplateAccess
Event: 7.446 Loading class jdk/internal/access/JavaTemplateAccess done
Event: 7.446 Loading class sun/nio/ch/Interruptible
Event: 7.447 Loading class sun/nio/ch/Interruptible done
Event: 7.447 Loading class jdk/internal/reflect/ConstantPool$Tag
Event: 7.447 Loading class jdk/internal/reflect/ConstantPool$Tag done
Event: 7.705 Loading class sun/reflect/annotation/AnnotationInvocationHandler$1
Event: 7.705 Loading class sun/reflect/annotation/AnnotationInvocationHandler$1 done

Classes unloaded (0 events):
No events

Classes redefined (0 events):
No events

Internal exceptions (20 events):
Event: 6.185 Thread 0x00000227a92c4a30 Exception <a 'java/lang/NoSuchMethodError'{0x00000000885605f8}: 'java.lang.Object java.lang.invoke.Invokers$Holder.linkToTargetMethod(java.lang.Object, int, java.lang.Object, java.lang.Object)'> (0x00000000885605f8) 
thrown [s\open\src\hotspot\share\interpreter\linkResolver.cpp, line 773]
Event: 6.208 Thread 0x00000227a92c4a30 Exception <a 'java/lang/NoSuchMethodError'{0x00000000884336b8}: 'void java.lang.invoke.DirectMethodHandle$Holder.invokeSpecial(java.lang.Object, java.lang.Object, java.lang.Object, java.lang.Object, java.lang.Object, java.lang.Object, java.lang.Object, java.lang.Object)'> (0x00000000884336b8) 
thrown [s\open\src\hotspot\share\interpreter\linkResolver.cpp, line 773]
Event: 6.214 Thread 0x00000227a92c4a30 Exception <a 'java/lang/NoSuchMethodError'{0x000000008846f728}: 'void java.lang.invoke.DirectMethodHandle$Holder.invokeSpecial(java.lang.Object, java.lang.Object, int, java.lang.Object)'> (0x000000008846f728) 
thrown [s\open\src\hotspot\share\interpreter\linkResolver.cpp, line 773]
Event: 6.214 Thread 0x00000227a92c4a30 Exception <a 'java/lang/NoSuchMethodError'{0x0000000088476260}: 'java.lang.Object java.lang.invoke.DirectMethodHandle$Holder.newInvokeSpecial(java.lang.Object, java.lang.Object, int)'> (0x0000000088476260) 
thrown [s\open\src\hotspot\share\interpreter\linkResolver.cpp, line 773]
Event: 6.242 Thread 0x00000227a92c4a30 Exception <a 'java/lang/NoSuchMethodError'{0x00000000883d35f0}: 'int java.lang.invoke.DirectMethodHandle$Holder.invokeStatic(java.lang.Object, int, java.lang.Object)'> (0x00000000883d35f0) 
thrown [s\open\src\hotspot\share\interpreter\linkResolver.cpp, line 773]
Event: 6.244 Thread 0x00000227a92c4a30 Exception <a 'java/lang/NoSuchMethodError'{0x00000000883f25d8}: 'java.lang.Object java.lang.invoke.DirectMethodHandle$Holder.newInvokeSpecial(java.lang.Object, java.lang.Object, java.lang.Object, java.lang.Object, java.lang.Object, int, java.lang.Object)'> (0x00000000883f25d8) 
thrown [s\open\src\hotspot\share\interpreter\linkResolver.cpp, line 773]
Event: 6.247 Thread 0x00000227a92c4a30 Exception <a 'java/lang/NoSuchMethodError'{0x0000000088225d10}: 'java.lang.Object java.lang.invoke.Invokers$Holder.linkToTargetMethod(java.lang.Object, java.lang.Object, java.lang.Object, java.lang.Object, java.lang.Object, java.lang.Object, java.lang.Object, java.lang.Object, java.lang.Object, java.lang.Object, java.lang.Object, java.lang.Object)'> (0x0000000088225d10) 
thrown [s\open\src\hotspot\share\interpreter\linkResolver.cpp, line 773]
Event: 6.301 Thread 0x00000227a92c4a30 Exception <a 'java/lang/IncompatibleClassChangeError'{0x000000008d966db8}: Found class java.lang.Object, but interface was expected> (0x000000008d966db8) 
thrown [s\open\src\hotspot\share\interpreter\linkResolver.cpp, line 840]
Event: 6.317 Thread 0x00000227a92c4a30 Exception <a 'java/lang/NoSuchMethodError'{0x000000008aa06f30}: 'java.lang.Object java.lang.invoke.DirectMethodHandle$Holder.newInvokeSpecial(java.lang.Object, java.lang.Object, int, java.lang.Object, int, java.lang.Object, java.lang.Object)'> (0x000000008aa06f30) 
thrown [s\open\src\hotspot\share\interpreter\linkResolver.cpp, line 773]
Event: 6.329 Thread 0x00000227a92c4a30 Exception <a 'java/lang/NoSuchMethodError'{0x000000008aa9bab0}: 'java.lang.Object java.lang.invoke.DirectMethodHandle$Holder.newInvokeSpecial(java.lang.Object, java.lang.Object, java.lang.Object, java.lang.Object, java.lang.Object, java.lang.Object, java.lang.Object, int)'> (0x000000008aa9bab0) 
thrown [s\open\src\hotspot\share\interpreter\linkResolver.cpp, line 773]
Event: 6.329 Thread 0x00000227a92c4a30 Exception <a 'java/lang/NoSuchMethodError'{0x000000008aaa0820}: 'java.lang.Object java.lang.invoke.DirectMethodHandle$Holder.invokeSpecial(java.lang.Object, java.lang.Object, java.lang.Object, java.lang.Object, java.lang.Object, java.lang.Object, java.lang.Object, java.lang.Object, int)'> (0x000000008aaa0820) 
thrown [s\open\src\hotspot\share\interpreter\linkResolver.cpp, line 773]
Event: 6.329 Thread 0x00000227a92c4a30 Exception <a 'java/lang/NoSuchMethodError'{0x000000008aaa5048}: 'java.lang.Object java.lang.invoke.Invokers$Holder.linkToTargetMethod(java.lang.Object, java.lang.Object, java.lang.Object, java.lang.Object, java.lang.Object, java.lang.Object, int, java.lang.Object)'> (0x000000008aaa5048) 
thrown [s\open\src\hotspot\share\interpreter\linkResolver.cpp, line 773]
Event: 6.591 Thread 0x00000227a92c4a30 Exception <a 'java/lang/NoSuchMethodError'{0x000000008949caa8}: 'java.lang.Object java.lang.invoke.DirectMethodHandle$Holder.invokeSpecial(java.lang.Object, java.lang.Object, int, java.lang.Object, int)'> (0x000000008949caa8) 
thrown [s\open\src\hotspot\share\interpreter\linkResolver.cpp, line 773]
Event: 6.718 Thread 0x00000227a92c4a30 Exception <a 'java/lang/IncompatibleClassChangeError'{0x0000000088e5e3c0}: Found class java.lang.Object, but interface was expected> (0x0000000088e5e3c0) 
thrown [s\open\src\hotspot\share\interpreter\linkResolver.cpp, line 840]
Event: 6.750 Thread 0x00000227a92c4a30 Exception <a 'java/lang/IncompatibleClassChangeError'{0x0000000088c67380}: Found class java.lang.Object, but interface was expected> (0x0000000088c67380) 
thrown [s\open\src\hotspot\share\interpreter\linkResolver.cpp, line 840]
Event: 6.831 Thread 0x00000227a92c4a30 Exception <a 'java/lang/IncompatibleClassChangeError'{0x000000008864ef08}: Found class java.lang.Object, but interface was expected> (0x000000008864ef08) 
thrown [s\open\src\hotspot\share\interpreter\linkResolver.cpp, line 840]
Event: 6.918 Thread 0x00000227a92c4a30 Exception <a 'java/lang/IncompatibleClassChangeError'{0x00000000881ae988}: Found class java.lang.Object, but interface was expected> (0x00000000881ae988) 
thrown [s\open\src\hotspot\share\interpreter\linkResolver.cpp, line 840]
Event: 7.383 Thread 0x00000227a92c4a30 Exception <a 'java/lang/NoSuchMethodError'{0x0000000088977bf0}: 'long java.lang.invoke.DirectMethodHandle$Holder.invokeVirtual(java.lang.Object, java.lang.Object)'> (0x0000000088977bf0) 
thrown [s\open\src\hotspot\share\interpreter\linkResolver.cpp, line 773]
Event: 7.387 Thread 0x00000227a92c4a30 Exception <a 'java/io/FileNotFoundException'{0x00000000889a55f0}> (0x00000000889a55f0) 
thrown [s\open\src\hotspot\share\prims\jni.cpp, line 520]
Event: 7.404 Thread 0x00000227a92c4a30 Exception <a 'java/lang/NoSuchMethodError'{0x00000000888d4d70}: 'void java.lang.invoke.DirectMethodHandle$Holder.invokeVirtual(java.lang.Object, java.lang.Object, long)'> (0x00000000888d4d70) 
thrown [s\open\src\hotspot\share\interpreter\linkResolver.cpp, line 773]

ZGC Phase Switch (0 events):
No events

VM Operations (20 events):
Event: 7.389 Executing VM operation: HandshakeAllThreads (Deoptimize) done
Event: 7.413 Executing VM operation: G1CollectForAllocation (G1 Evacuation Pause)
Event: 7.416 Executing VM operation: G1CollectForAllocation (G1 Evacuation Pause) done
Event: 7.429 Executing VM operation: G1PauseRemark
Event: 7.432 Executing VM operation: G1PauseRemark done
Event: 7.438 Executing VM operation: G1PauseCleanup
Event: 7.438 Executing VM operation: G1PauseCleanup done
Event: 7.499 Executing VM operation: G1CollectForAllocation (G1 Evacuation Pause)
Event: 7.504 Executing VM operation: G1CollectForAllocation (G1 Evacuation Pause) done
Event: 7.550 Executing VM operation: G1CollectForAllocation (G1 Evacuation Pause)
Event: 7.558 Executing VM operation: G1CollectForAllocation (G1 Evacuation Pause) done
Event: 7.586 Executing VM operation: G1CollectForAllocation (G1 Evacuation Pause)
Event: 7.591 Executing VM operation: G1CollectForAllocation (G1 Evacuation Pause) done
Event: 7.615 Executing VM operation: G1PauseRemark
Event: 7.618 Executing VM operation: G1PauseRemark done
Event: 7.629 Executing VM operation: G1PauseCleanup
Event: 7.629 Executing VM operation: G1PauseCleanup done
Event: 7.634 Executing VM operation: G1CollectForAllocation (G1 Evacuation Pause)
Event: 7.641 Executing VM operation: G1CollectForAllocation (G1 Evacuation Pause) done
Event: 7.718 Executing VM operation: G1CollectForAllocation (G1 Evacuation Pause)

Events (20 events):
Event: 7.432 Thread 0x00000227a929f030 flushing nmethod 0x00000227a0be0b90
Event: 7.432 Thread 0x00000227a929f030 flushing nmethod 0x00000227a0be1a90
Event: 7.432 Thread 0x00000227a929f030 flushing nmethod 0x00000227a0be2890
Event: 7.512 Thread 0x00000227efa23060 Thread added: 0x00000227efa23060
Event: 7.515 Thread 0x00000227efa23060 Thread exited: 0x00000227efa23060
Event: 7.617 Thread 0x00000227a929f030 flushing nmethod 0x00000227a11eb490
Event: 7.617 Thread 0x00000227a929f030 flushing nmethod 0x00000227a11efc10
Event: 7.617 Thread 0x00000227a929f030 flushing nmethod 0x00000227a0a62390
Event: 7.617 Thread 0x00000227a929f030 flushing nmethod 0x00000227a0e65210
Event: 7.617 Thread 0x00000227a929f030 flushing nmethod 0x00000227a0d6b190
Event: 7.617 Thread 0x00000227a929f030 flushing nmethod 0x00000227a11f0110
Event: 7.617 Thread 0x00000227a929f030 flushing nmethod 0x00000227a0c8dc90
Event: 7.617 Thread 0x00000227a929f030 flushing nmethod 0x00000227a1208310
Event: 7.617 Thread 0x00000227a929f030 flushing nmethod 0x00000227a0d97810
Event: 7.617 Thread 0x00000227a929f030 flushing nmethod 0x00000227a1220a10
Event: 7.617 Thread 0x00000227a929f030 flushing nmethod 0x00000227a1221310
Event: 7.617 Thread 0x00000227a929f030 flushing nmethod 0x00000227a1223890
Event: 7.617 Thread 0x00000227a929f030 flushing nmethod 0x00000227a1223e10
Event: 7.617 Thread 0x00000227a929f030 flushing nmethod 0x00000227a0fcff90
Event: 7.617 Thread 0x00000227a929f030 flushing nmethod 0x00000227a1212a90


Dynamic libraries:
0x00007ff61a050000 - 0x00007ff61a060000 	C:\Program Files\Java\jdk-21\bin\java.exe
0x00007ffa80c60000 - 0x00007ffa80ec8000 	C:\WINDOWS\SYSTEM32\ntdll.dll
0x00007ffa80170000 - 0x00007ffa80239000 	C:\WINDOWS\System32\KERNEL32.DLL
0x00007ffa7ddb0000 - 0x00007ffa7e19d000 	C:\WINDOWS\System32\KERNELBASE.dll
0x00007ffa7e730000 - 0x00007ffa7e87b000 	C:\WINDOWS\System32\ucrtbase.dll
0x00007ffa6dde0000 - 0x00007ffa6ddf9000 	C:\Program Files\Java\jdk-21\bin\jli.dll
0x00007ffa6c890000 - 0x00007ffa6c8ab000 	C:\Program Files\Java\jdk-21\bin\VCRUNTIME140.dll
0x00007ffa7f100000 - 0x00007ffa7f1b4000 	C:\WINDOWS\System32\ADVAPI32.dll
0x00007ffa7fb10000 - 0x00007ffa7fbb9000 	C:\WINDOWS\System32\msvcrt.dll
0x00007ffa7ea00000 - 0x00007ffa7eaa6000 	C:\WINDOWS\System32\sechost.dll
0x00007ffa806b0000 - 0x00007ffa807c8000 	C:\WINDOWS\System32\RPCRT4.dll
0x00007ffa808d0000 - 0x00007ffa80a9c000 	C:\WINDOWS\System32\USER32.dll
0x00007ffa7e590000 - 0x00007ffa7e5b7000 	C:\WINDOWS\System32\win32u.dll
0x00007ffa6de00000 - 0x00007ffa6e09a000 	C:\WINDOWS\WinSxS\amd64_microsoft.windows.common-controls_6595b64144ccf1df_6.0.26100.4484_none_3e0e6d4ce32ef3b3\COMCTL32.dll
0x00007ffa80600000 - 0x00007ffa8062b000 	C:\WINDOWS\System32\GDI32.dll
0x00007ffa7e3c0000 - 0x00007ffa7e4f7000 	C:\WINDOWS\System32\gdi32full.dll
0x00007ffa7e680000 - 0x00007ffa7e723000 	C:\WINDOWS\System32\msvcp_win.dll
0x00007ffa6f340000 - 0x00007ffa6f34b000 	C:\WINDOWS\SYSTEM32\VERSION.dll
0x00007ffa7fe50000 - 0x00007ffa7fe7f000 	C:\WINDOWS\System32\IMM32.DLL
0x00007ffa74720000 - 0x00007ffa7472c000 	C:\Program Files\Java\jdk-21\bin\vcruntime140_1.dll
0x00007ffa5e530000 - 0x00007ffa5e5be000 	C:\Program Files\Java\jdk-21\bin\msvcp140.dll
0x00007ff9f7710000 - 0x00007ff9f8423000 	C:\Program Files\Java\jdk-21\bin\server\jvm.dll
0x00007ffa7ff80000 - 0x00007ffa7fff4000 	C:\WINDOWS\System32\WS2_32.dll
0x00007ffa7dc20000 - 0x00007ffa7dc7e000 	C:\WINDOWS\SYSTEM32\POWRPROF.dll
0x00007ffa6dcd0000 - 0x00007ffa6dd05000 	C:\WINDOWS\SYSTEM32\WINMM.dll
0x00007ffa7dbe0000 - 0x00007ffa7dbf4000 	C:\WINDOWS\SYSTEM32\UMPDC.dll
0x00007ffa7cb50000 - 0x00007ffa7cb6b000 	C:\WINDOWS\SYSTEM32\kernel.appcore.dll
0x00007ffa6c0c0000 - 0x00007ffa6c0ca000 	C:\Program Files\Java\jdk-21\bin\jimage.dll
0x00007ffa7b400000 - 0x00007ffa7b641000 	C:\WINDOWS\SYSTEM32\DBGHELP.DLL
0x00007ffa80240000 - 0x00007ffa805c6000 	C:\WINDOWS\System32\combase.dll
0x00007ffa7fe90000 - 0x00007ffa7ff70000 	C:\WINDOWS\System32\OLEAUT32.dll
0x00007ffa6b0d0000 - 0x00007ffa6b113000 	C:\WINDOWS\SYSTEM32\dbgcore.DLL
0x00007ffa7e320000 - 0x00007ffa7e3b9000 	C:\WINDOWS\System32\bcryptPrimitives.dll
0x00007ffa6c0b0000 - 0x00007ffa6c0bf000 	C:\Program Files\Java\jdk-21\bin\instrument.dll
0x00007ffa5e250000 - 0x00007ffa5e26f000 	C:\Program Files\Java\jdk-21\bin\java.dll
0x00007ffa7f1c0000 - 0x00007ffa7f90a000 	C:\WINDOWS\System32\SHELL32.dll
0x00007ffa7e1a0000 - 0x00007ffa7e314000 	C:\WINDOWS\System32\wintypes.dll
0x00007ffa7ba10000 - 0x00007ffa7c26b000 	C:\WINDOWS\SYSTEM32\windows.storage.dll
0x00007ffa807d0000 - 0x00007ffa808c5000 	C:\WINDOWS\System32\SHCORE.dll
0x00007ffa80630000 - 0x00007ffa8069a000 	C:\WINDOWS\System32\shlwapi.dll
0x00007ffa7dcc0000 - 0x00007ffa7dcef000 	C:\WINDOWS\SYSTEM32\profapi.dll
0x00007ffa54030000 - 0x00007ffa54048000 	C:\Program Files\Java\jdk-21\bin\zip.dll
0x00007ffa6c080000 - 0x00007ffa6c090000 	C:\Program Files\Java\jdk-21\bin\net.dll
0x00007ffa79320000 - 0x00007ffa7943e000 	C:\WINDOWS\SYSTEM32\WINHTTP.dll
0x00007ffa7d0e0000 - 0x00007ffa7d14a000 	C:\WINDOWS\system32\mswsock.dll
0x00007ffa54010000 - 0x00007ffa54026000 	C:\Program Files\Java\jdk-21\bin\nio.dll
0x00007ffa53ff0000 - 0x00007ffa5400a000 	C:\Program Files\JetBrains\IntelliJ IDEA 2024.1.1\bin\breakgen64.dll
0x00007ffa5e4c0000 - 0x00007ffa5e4c9000 	C:\Program Files\Java\jdk-21\bin\extnet.dll
0x00007ffa7c670000 - 0x00007ffa7c796000 	C:\WINDOWS\SYSTEM32\DNSAPI.dll
0x00007ffa7c5d0000 - 0x00007ffa7c603000 	C:\WINDOWS\SYSTEM32\IPHLPAPI.DLL
0x00007ffa7fb00000 - 0x00007ffa7fb0a000 	C:\WINDOWS\System32\NSI.dll
0x00007ffa79130000 - 0x00007ffa7913b000 	C:\Windows\System32\rasadhlp.dll
0x00007ffa7a1f0000 - 0x00007ffa7a276000 	C:\WINDOWS\System32\fwpuclnt.dll
0x00007ffa5e3c0000 - 0x00007ffa5e3ca000 	C:\Program Files\Java\jdk-21\bin\management.dll
0x00007ffa56ff0000 - 0x00007ffa56ffb000 	C:\Program Files\Java\jdk-21\bin\management_ext.dll
0x00007ffa7faf0000 - 0x00007ffa7faf8000 	C:\WINDOWS\System32\PSAPI.DLL
0x00007ffa7d390000 - 0x00007ffa7d3ab000 	C:\WINDOWS\SYSTEM32\CRYPTSP.dll
0x00007ffa7cab0000 - 0x00007ffa7caeb000 	C:\WINDOWS\system32\rsaenh.dll
0x00007ffa7d180000 - 0x00007ffa7d1ab000 	C:\WINDOWS\SYSTEM32\USERENV.dll
0x00007ffa7dc90000 - 0x00007ffa7dcb6000 	C:\WINDOWS\SYSTEM32\bcrypt.dll
0x00007ffa7d3b0000 - 0x00007ffa7d3bc000 	C:\WINDOWS\SYSTEM32\CRYPTBASE.dll
0x00007ffa63250000 - 0x00007ffa63268000 	C:\WINDOWS\system32\napinsp.dll
0x00007ffa626c0000 - 0x00007ffa626d2000 	C:\WINDOWS\System32\winrnr.dll
0x00007ffa61760000 - 0x00007ffa61790000 	C:\WINDOWS\system32\nlansp_c.dll
0x00007ffa5e6f0000 - 0x00007ffa5e710000 	C:\WINDOWS\system32\wshbth.dll
0x00007ffa54a10000 - 0x00007ffa54a1e000 	C:\Program Files\Java\jdk-21\bin\sunmscapi.dll
0x00007ffa7e880000 - 0x00007ffa7e9f7000 	C:\WINDOWS\System32\CRYPT32.dll
0x00007ffa7d5b0000 - 0x00007ffa7d5e0000 	C:\WINDOWS\SYSTEM32\ncrypt.dll
0x00007ffa7d560000 - 0x00007ffa7d59f000 	C:\WINDOWS\SYSTEM32\NTASN1.dll
0x00007ffa54800000 - 0x00007ffa54810000 	C:\Program Files\Java\jdk-21\bin\verify.dll

dbghelp: loaded successfully - version: 4.0.5 - missing functions: none
symbol engine: initialized successfully - sym options: 0x614 - pdb path: .;C:\Program Files\Java\jdk-21\bin;C:\WINDOWS\SYSTEM32;C:\WINDOWS\WinSxS\amd64_microsoft.windows.common-controls_6595b64144ccf1df_6.0.26100.4484_none_3e0e6d4ce32ef3b3;C:\Program Files\Java\jdk-21\bin\server;C:\Program Files\JetBrains\IntelliJ IDEA 2024.1.1\bin

VM Arguments:
jvm_args: -XX:TieredStopAtLevel=1 -Dspring.output.ansi.enabled=always -Dcom.sun.management.jmxremote -Dspring.jmx.enabled=true -Dspring.liveBeansView.mbeanDomain -Dspring.application.admin.enabled=true -Dmanagement.endpoints.jmx.exposure.include=* -javaagent:C:\Program Files\JetBrains\IntelliJ IDEA 2024.1.1\lib\idea_rt.jar=58550:C:\Program Files\JetBrains\IntelliJ IDEA 2024.1.1\bin -Dfile.encoding=UTF-8 -Dsun.stdout.encoding=UTF-8 -Dsun.stderr.encoding=UTF-8 
java_command: com.assignment.ijse.back_end.Application
java_class_path (initial): C:\Users\Charuka\OneDrive\Desktop\Second Semester Final Project\ClaimRight\Back_End\target\classes;C:\Users\Charuka\.m2\repository\org\springframework\boot\spring-boot-starter-data-jpa\3.5.3\spring-boot-starter-data-jpa-3.5.3.jar;C:\Users\Charuka\.m2\repository\org\springframework\boot\spring-boot-starter\3.5.3\spring-boot-starter-3.5.3.jar;C:\Users\Charuka\.m2\repository\org\springframework\boot\spring-boot-starter-logging\3.5.3\spring-boot-starter-logging-3.5.3.jar;C:\Users\Charuka\.m2\repository\ch\qos\logback\logback-classic\1.5.18\logback-classic-1.5.18.jar;C:\Users\Charuka\.m2\repository\ch\qos\logback\logback-core\1.5.18\logback-core-1.5.18.jar;C:\Users\Charuka\.m2\repository\org\apache\logging\log4j\log4j-to-slf4j\2.24.3\log4j-to-slf4j-2.24.3.jar;C:\Users\Charuka\.m2\repository\org\apache\logging\log4j\log4j-api\2.24.3\log4j-api-2.24.3.jar;C:\Users\Charuka\.m2\repository\org\slf4j\jul-to-slf4j\2.0.17\jul-to-slf4j-2.0.17.jar;C:\Users\Charuka\.m2\repository\jakarta\annotation\jakarta.annotation-api\2.1.1\jakarta.annotation-api-2.1.1.jar;C:\Users\Charuka\.m2\repository\org\yaml\snakeyaml\2.4\snakeyaml-2.4.jar;C:\Users\Charuka\.m2\repository\org\springframework\boot\spring-boot-starter-jdbc\3.5.3\spring-boot-starter-jdbc-3.5.3.jar;C:\Users\Charuka\.m2\repository\com\zaxxer\HikariCP\6.3.0\HikariCP-6.3.0.jar;C:\Users\Charuka\.m2\repository\org\springframework\spring-jdbc\6.2.8\spring-jdbc-6.2.8.jar;C:\Users\Charuka\.m2\repository\org\hibernate\orm\hibernate-core\6.6.18.Final\hibernate-core-6.6.18.Final.jar;C:\Users\Charuka\.m2\repository\jakarta\persistence\jakarta.persistence-api\3.1.0\jakarta.persistence-api-3.1.0.jar;C:\Users\Charuka\.m2\repository\jakarta\transaction\jakarta.transaction-api\2.0.1\jakarta.transaction-api-2.0.1.jar;C:\Users\Charuka\.m2\repository\org\jboss\logging\jboss-logging\3.6.1.Final\jboss-logging-3.6.1.Final.jar;C:\Users\Charuka\.m2\repository\org\hibernate\common\hibernate-commons-annotations\7.0.3.Final\hibernate-commons-annotations-7.0.3.Final.jar;C:\Users\Charuka\.m2\repository\io\smallrye\jandex\3.2.0\jandex-3.2.0.jar;C:\Users\Charuka\.m2\repository\com\fasterxml\classmate\1.7.0\classmate-1.7.0.jar;C:\Users\Charuka\.m2\repository\net\bytebuddy\byte-buddy\1.17.6\byte-buddy-1.17.6.jar;C:\Users\Charuka\.m2\repository\org\glassfish\jaxb\jaxb-runtime\4.0.5\jaxb-runtime-4.0.5.jar;C:\Users\Charuka\.m2\repository\org\glassfish\jaxb\jaxb-core\4.0.5\jaxb-core-4.0.5.jar;C:\Users\Charuka\.m2\repository\org\eclipse\angus\angus-activation\2.0.2\angus-activation-2.0.2.jar;C:\Users\Charuka\.m2\repository\org\glassfish\jaxb\txw2\4.0.5\txw2-4.0.5.jar;C:\Users\Charuka\.m2\repository\com\sun\istack\istack-commons-runtime\4.1.2\istack-commons-runtime-4.1.2.jar;C:\Users\Charuka\.m2\repository\jakarta\inject\jakarta.inject-api\2.0.1\jakarta.inject-api-2.0.1.jar;C:\Users\Charuka\.m2\repository\org\antlr\antlr4-runtime\4.13.0\antlr4-runtime-4.13.0.jar;C:\Users\Charuka\.m2\repository\org\springframework\data\spring-data-jpa\3.5.1\spring-data-jpa-3.5.1.jar;C:\Users\Charuka\.m2\repository\org\springframework\data\spring-data-commons\3.5.1\spring-data-commons-3.5.1.jar;C:\Users\Charuka\.m2\repository\org\springframework\spring-orm\6.2.8\spring-orm-6.2.8.jar;C:\Users\Charuka\.m2\repository\org\springframework\spring-context\6.2.8\spring-context-6.2.8.jar;C:\Users\Charuka\.m2\repository\org\springframework\spring-tx\6.2.8\spring-tx-6.2.8.jar;C:\Users\Charuka\.m2\repository\org\springframework\spring-beans\6.2.8\spring-beans-6.2.8.jar;C:\Users\Charuka\.m2\repository\org\slf4j\slf4j-api\2.0.17\slf4j-api-2.0.17.jar;C:\Users\Charuka\.m2\repository\org\springframework\spring-aspects\6.2.8\spring-aspects-6.2.8.jar;C:\Users\Charuka\.m2\repository\org\aspectj\aspectjweaver\1.9.24\aspectjweaver-1.9.24.jar;C:\Users\Charuka\.m2\repository\org\springframework\boot\spring-boot-starter-security\3.5.3\spring-boot-starter-security-3.5.3.jar;C:\Users\Charuka\.m2\repository\org\springframework\spring-aop\6.2.8\spring-aop-6.2.8.jar;C:\Users\Charuka\.m2\repository\org\springframework\security\spring-security-config\6.5.1\spring-security-config-6.5.1.jar;C:\Users\Charuka\.m2\repository\org\springframework\security\spring-security-web\6.5.1\spring-security-web-6.5.1.jar;C:\Users\Charuka\.m2\repository\org\springframework\spring-expression\6.2.8\spring-expression-6.2.8.jar;C:\Users\Charuka\.m2\repository\org\springframework\boot\spring-boot-starter-web\3.5.3\spring-boot-starter-web-3.5.3.jar;C:\Users\Charuka\.m2\repository\org\springframework\boot\spring-boot-starter-json\3.5.3\spring-boot-starter-json-3.5.3.jar;C:\Users\Charuka\.m2\repository\com\fasterxml\jackson\datatype\jackson-datatype-jdk8\2.19.1\jackson-datatype-jdk8-2.19.1.jar;C:\Users\Charuka\.m2\repository\com\fasterxml\jackson\datatype\jackson-datatype-jsr310\2.19.1\jackson-datatype-jsr310-2.19.1.jar;C:\Users\Charuka\.m2\repository\com\fasterxml\jackson\module\jackson-module-parameter-names\2.19.1\jackson-module-parameter-names-2.19.1.jar;C:\Users\Charuka\.m2\repository\org\springframework\boot\spring-boot-starter-tomcat\3.5.3\spring-boot-starter-tomcat-3.5.3.jar;C:\Users\Charuka\.m2\repository\org\apache\tomcat\embed\tomcat-embed-core\10.1.42\tomcat-embed-core-10.1.42.jar;C:\Users\Charuka\.m2\repository\org\apache\tomcat\embed\tomcat-embed-el\10.1.42\tomcat-embed-el-10.1.42.jar;C:\Users\Charuka\.m2\repository\org\apache\tomcat\embed\tomcat-embed-websocket\10.1.42\tomcat-embed-websocket-10.1.42.jar;C:\Users\Charuka\.m2\repository\org\springframework\spring-web\6.2.8\spring-web-6.2.8.jar;C:\Users\Charuka\.m2\repository\io\micrometer\micrometer-observation\1.15.1\micrometer-observation-1.15.1.jar;C:\Users\Charuka\.m2\repository\io\micrometer\micrometer-commons\1.15.1\micrometer-commons-1.15.1.jar;C:\Users\Charuka\.m2\repository\org\springframework\spring-webmvc\6.2.8\spring-webmvc-6.2.8.jar;C:\Users\Charuka\.m2\repository\org\springframework\boot\spring-boot-devtools\3.5.3\spring-boot-devtools-3.5.3.jar;C:\Users\Charuka\.m2\repository\org\springframework\boot\spring-boot\3.5.3\spring-boot-3.5.3.jar;C:\Users\Charuka\.m2\repository\org\springframework\boot\spring-boot-autoconfigure\3.5.3\spring-boot-autoconfigure-3.5.3.jar;C:\Users\Charuka\.m2\repository\com\mysql\mysql-connector-j\9.2.0\mysql-connector-j-9.2.0.jar;C:\Users\Charuka\.m2\repository\org\projectlombok\lombok\1.18.38\lombok-1.18.38.jar;C:\Users\Charuka\.m2\repository\jakarta\xml\bind\jakarta.xml.bind-api\4.0.2\jakarta.xml.bind-api-4.0.2.jar;C:\Users\Charuka\.m2\repository\jakarta\activation\jakarta.activation-api\2.1.3\jakarta.activation-api-2.1.3.jar;C:\Users\Charuka\.m2\repository\org\springframework\spring-core\6.2.8\spring-core-6.2.8.jar;C:\Users\Charuka\.m2\repository\org\springframework\spring-jcl\6.2.8\spring-jcl-6.2.8.jar;C:\Users\Charuka\.m2\repository\org\springframework\security\spring-security-core\6.5.1\spring-security-core-6.5.1.jar;C:\Users\Charuka\.m2\repository\org\springframework\security\spring-security-crypto\6.5.1\spring-security-crypto-6.5.1.jar;C:\Users\Charuka\.m2\repository\io\jsonwebtoken\jjwt-api\0.11.5\jjwt-api-0.11.5.jar;C:\Users\Charuka\.m2\repository\io\jsonwebtoken\jjwt-impl\0.11.5\jjwt-impl-0.11.5.jar;C:\Users\Charuka\.m2\repository\io\jsonwebtoken\jjwt-jackson\0.11.5\jjwt-jackson-0.11.5.jar;C:\Users\Charuka\.m2\repository\com\fasterxml\jackson\core\jackson-databind\2.19.1\jackson-databind-2.19.1.jar;C:\Users\Charuka\.m2\repository\com\fasterxml\jackson\core\jackson-annotations\2.19.1\jackson-annotations-2.19.1.jar;C:\Users\Charuka\.m2\repository\com\fasterxml\jackson\core\jackson-core\2.19.1\jackson-core-2.19.1.jar;C:\Users\Charuka\.m2\repository\org\modelmapper\modelmapper\3.2.4\modelmapper-3.2.4.jar;C:\Users\Charuka\.m2\repository\com\cloudinary\cloudinary-http44\1.29.0\cloudinary-http44-1.29.0.jar;C:\Users\Charuka\.m2\repository\com\cloudinary\cloudinary-core\1.29.0\cloudinary-core-1.29.0.jar;C:\Users\Charuka\.m2\repository\org\apache\commons\commons-lang3\3.17.0\commons-lang3-3.17.0.jar;C:\Users\Charuka\.m2\repository\org\apache\httpcomponents\httpclient\4.4\httpclient-4.4.jar;C:\Users\Charuka\.m2\repository\org\apache\httpcomponents\httpcore\4.4.16\httpcore-4.4.16.jar;C:\Users\Charuka\.m2\repository\commons-logging\commons-logging\1.2\commons-logging-1.2.jar;C:\Users\Charuka\.m2\repository\commons-codec\commons-codec\1.18.0\commons-codec-1.18.0.jar;C:\Users\Charuka\.m2\repository\org\apache\httpcomponents\httpmime\4.4\httpmime-4.4.jar
Launcher Type: SUN_STANDARD

[Global flags]
     intx CICompilerCount                          = 4                                         {product} {ergonomic}
     uint ConcGCThreads                            = 3                                         {product} {ergonomic}
     uint G1ConcRefinementThreads                  = 10                                        {product} {ergonomic}
   size_t G1HeapRegionSize                         = 1048576                                   {product} {ergonomic}
    uintx GCDrainStackTargetSize                   = 64                                        {product} {ergonomic}
   size_t InitialHeapSize                          = 130023424                                 {product} {ergonomic}
     bool ManagementServer                         = true                                      {product} {command line}
   size_t MarkStackSize                            = 4194304                                   {product} {ergonomic}
   size_t MaxHeapSize                              = 2048917504                                {product} {ergonomic}
   size_t MaxNewSize                               = 1228931072                                {product} {ergonomic}
   size_t MinHeapDeltaBytes                        = 1048576                                   {product} {ergonomic}
   size_t MinHeapSize                              = 8388608                                   {product} {ergonomic}
    uintx NonNMethodCodeHeapSize                   = 4096                                   {pd product} {ergonomic}
    uintx NonProfiledCodeHeapSize                  = 0                                      {pd product} {ergonomic}
     bool ProfileInterpreter                       = false                                  {pd product} {command line}
    uintx ProfiledCodeHeapSize                     = 0                                      {pd product} {ergonomic}
   size_t SoftMaxHeapSize                          = 2048917504                             {manageable} {ergonomic}
     intx TieredStopAtLevel                        = 1                                         {product} {command line}
     bool UseCompressedOops                        = true                           {product lp64_product} {ergonomic}
     bool UseG1GC                                  = true                                      {product} {ergonomic}
     bool UseLargePagesIndividualAllocation        = false                                  {pd product} {ergonomic}

Logging:
Log output configuration:
 #0: stdout all=warning uptime,level,tags foldmultilines=false
 #1: stderr all=off uptime,level,tags foldmultilines=false

Environment Variables:
PATH=C:\Program Files\Common Files\Oracle\Java\javapath;C:\Program Files (x86)\Common Files\Oracle\Java\javapath;C:\WINDOWS\system32;C:\WINDOWS;C:\WINDOWS\System32\Wbem;C:\WINDOWS\System32\WindowsPowerShell\v1.0\;C:\WINDOWS\System32\OpenSSH\;C:\Program Files\Git\cmd;C:\Program Files\nodejs\;C:\ProgramData\chocolatey\bin;C:\Program Files\MySQL\MySQL Shell 8.0\bin\;C:\Users\Charuka\AppData\Local\Microsoft\WindowsApps;C:\Users\Charuka\AppData\Local\Programs\Microsoft VS Code\bin;C:\Program Files\MySQL\MySQL Server 8.0\bin;C:\Users\Charuka\AppData\Local\GitHubDesktop\bin;C:\Users\Charuka\AppData\Roaming\npm;
USERNAME=Charuka
OS=Windows_NT
PROCESSOR_IDENTIFIER=Intel64 Family 6 Model 154 Stepping 4, GenuineIntel
TMP=C:\Users\Charuka\AppData\Local\Temp
TEMP=C:\Users\Charuka\AppData\Local\Temp




Periodic native trim disabled

---------------  S Y S T E M  ---------------

OS:
 Windows 11 , 64 bit Build 26100 (10.0.26100.4484)
OS uptime: 15 days 2:42 hours

CPU: total 12 (initial active 12) (6 cores per cpu, 2 threads per core) family 6 model 154 stepping 4 microcode 0x424, cx8, cmov, fxsr, ht, mmx, 3dnowpref, sse, sse2, sse3, ssse3, sse4.1, sse4.2, popcnt, lzcnt, tsc, tscinvbit, avx, avx2, aes, erms, clmul, bmi1, bmi2, adx, sha, fma, vzeroupper, clflush, clflushopt, clwb, serialize, rdtscp, rdpid, fsrm, f16c, pku, cet_ibt, cet_ss
Processor Information for processor 0
  Max Mhz: 1300, Current Mhz: 1300, Mhz Limit: 1300
Processor Information for processor 1
  Max Mhz: 1300, Current Mhz: 1300, Mhz Limit: 1300
Processor Information for processor 2
  Max Mhz: 1300, Current Mhz: 1300, Mhz Limit: 1300
Processor Information for processor 3
  Max Mhz: 1300, Current Mhz: 1300, Mhz Limit: 1300
Processor Information for processor 4
  Max Mhz: 1300, Current Mhz: 900, Mhz Limit: 897
Processor Information for processor 5
  Max Mhz: 1300, Current Mhz: 900, Mhz Limit: 897
Processor Information for processor 6
  Max Mhz: 1300, Current Mhz: 900, Mhz Limit: 897
Processor Information for processor 7
  Max Mhz: 1300, Current Mhz: 900, Mhz Limit: 897
Processor Information for processor 8
  Max Mhz: 1300, Current Mhz: 900, Mhz Limit: 897
Processor Information for processor 9
  Max Mhz: 1300, Current Mhz: 900, Mhz Limit: 897
Processor Information for processor 10
  Max Mhz: 1300, Current Mhz: 900, Mhz Limit: 897
Processor Information for processor 11
  Max Mhz: 1300, Current Mhz: 900, Mhz Limit: 897

Memory: 4k page, system-wide physical 7814M (681M free)
TotalPageFile size 31366M (AvailPageFile size 123M)
current process WorkingSet (physical memory assigned to process): 273M, peak: 273M
current process commit charge ("private bytes"): 339M, peak: 472M

vm_info: Java HotSpot(TM) 64-Bit Server VM (21.0.4+8-LTS-274) for windows-amd64 JRE (21.0.4+8-LTS-274), built on 2024-06-05T05:23:33Z by "mach5one" with MS VC++ 17.6 (VS2022)

END.
